[   301.099] (--) Log file renamed from "/home/abale/.local/share/xorg/Xorg.pid-3766.log" to "/home/abale/.local/share/xorg/Xorg.0.log"
[   301.100] 
X.Org X Server 1.20.11
X Protocol Version 11, Revision 0
[   301.100] Build Operating System: linux Ubuntu
[   301.100] Current Operating System: Linux ubuntu 5.13.0-39-generic #44~20.04.1-Ubuntu SMP Thu Mar 24 16:43:35 UTC 2022 x86_64
[   301.100] Kernel command line: BOOT_IMAGE=/boot/vmlinuz-5.13.0-39-generic root=UUID=9725464c-646c-4102-aad8-e2767596421e ro find_preseed=/preseed.cfg auto noprompt priority=critical locale=en_US quiet
[   301.100] Build Date: 06 July 2021  10:17:51AM
[   301.100] xorg-server 2:1.20.11-1ubuntu1~20.04.2 (For technical support please see http://www.ubuntu.com/support) 
[   301.100] Current version of pixman: 0.38.4
[   301.100] 	Before reporting problems, check http://wiki.x.org
	to make sure that you have the latest version.
[   301.100] Markers: (--) probed, (**) from config file, (==) default setting,
	(++) from command line, (!!) notice, (II) informational,
	(WW) warning, (EE) error, (NI) not implemented, (??) unknown.
[   301.101] (==) Log file: "/home/abale/.local/share/xorg/Xorg.0.log", Time: Fri Apr  1 18:02:01 2022
[   301.115] (==) Using system config directory "/usr/share/X11/xorg.conf.d"
[   301.118] (==) No Layout section.  Using the first Screen section.
[   301.118] (==) No screen section available. Using defaults.
[   301.118] (**) |-->Screen "Default Screen Section" (0)
[   301.118] (**) |   |-->Monitor "<default monitor>"
[   301.119] (==) No monitor specified for screen "Default Screen Section".
	Using a default monitor configuration.
[   301.119] (==) Automatically adding devices
[   301.119] (==) Automatically enabling devices
[   301.119] (==) Automatically adding GPU devices
[   301.119] (==) Automatically binding GPU devices
[   301.119] (==) Max clients allowed: 256, resource mask: 0x1fffff
[   301.119] (WW) The directory "/usr/share/fonts/X11/cyrillic" does not exist.
[   301.119] 	Entry deleted from font path.
[   301.119] (WW) The directory "/usr/share/fonts/X11/100dpi/" does not exist.
[   301.119] 	Entry deleted from font path.
[   301.119] (WW) The directory "/usr/share/fonts/X11/75dpi/" does not exist.
[   301.119] 	Entry deleted from font path.
[   301.119] (WW) The directory "/usr/share/fonts/X11/100dpi" does not exist.
[   301.119] 	Entry deleted from font path.
[   301.119] (WW) The directory "/usr/share/fonts/X11/75dpi" does not exist.
[   301.119] 	Entry deleted from font path.
[   301.119] (==) FontPath set to:
	/usr/share/fonts/X11/misc,
	/usr/share/fonts/X11/Type1,
	built-ins
[   301.119] (==) ModulePath set to "/usr/lib/xorg/modules"
[   301.119] (II) The server relies on udev to provide the list of input devices.
	If no devices become available, reconfigure udev or disable AutoAddDevices.
[   301.119] (II) Loader magic: 0x557a5a5d9020
[   301.119] (II) Module ABI versions:
[   301.119] 	X.Org ANSI C Emulation: 0.4
[   301.119] 	X.Org Video Driver: 24.1
[   301.119] 	X.Org XInput driver : 24.1
[   301.119] 	X.Org Server Extension : 10.0
[   301.121] (++) using VT number 2

[   301.126] (II) systemd-logind: took control of session /org/freedesktop/login1/session/_32
[   301.131] (II) xfree86: Adding drm device (/dev/dri/card0)
[   301.133] (II) systemd-logind: got fd for /dev/dri/card0 226:0 fd 12 paused 0
[   301.316] (--) PCI:*(0@0:15:0) 15ad:0405:15ad:0405 rev 0, Mem @ 0xe8000000/134217728, 0xfe000000/8388608, I/O @ 0x00001070/16, BIOS @ 0x????????/131072
[   301.326] (II) LoadModule: "glx"
[   301.349] (II) Loading /usr/lib/xorg/modules/extensions/libglx.so
[   301.361] (II) Module glx: vendor="X.Org Foundation"
[   301.362] 	compiled for 1.20.11, module version = 1.0.0
[   301.362] 	ABI class: X.Org Server Extension, version 10.0
[   301.362] (==) Matched vmware as autoconfigured driver 0
[   301.362] (==) Matched modesetting as autoconfigured driver 1
[   301.362] (==) Matched fbdev as autoconfigured driver 2
[   301.362] (==) Matched vesa as autoconfigured driver 3
[   301.362] (==) Assigned the driver to the xf86ConfigLayout
[   301.362] (II) LoadModule: "vmware"
[   301.362] (II) Loading /usr/lib/xorg/modules/drivers/vmware_drv.so
[   301.520] (II) Module vmware: vendor="X.Org Foundation"
[   301.520] 	compiled for 1.20.8, module version = 13.3.0
[   301.520] 	Module class: X.Org Video Driver
[   301.520] 	ABI class: X.Org Video Driver, version 24.1
[   301.520] (II) LoadModule: "modesetting"
[   301.520] (II) Loading /usr/lib/xorg/modules/drivers/modesetting_drv.so
[   301.524] (II) Module modesetting: vendor="X.Org Foundation"
[   301.524] 	compiled for 1.20.11, module version = 1.20.11
[   301.524] 	Module class: X.Org Video Driver
[   301.524] 	ABI class: X.Org Video Driver, version 24.1
[   301.524] (II) LoadModule: "fbdev"
[   301.525] (II) Loading /usr/lib/xorg/modules/drivers/fbdev_drv.so
[   301.533] (II) Module fbdev: vendor="X.Org Foundation"
[   301.533] 	compiled for 1.20.1, module version = 0.5.0
[   301.533] 	Module class: X.Org Video Driver
[   301.533] 	ABI class: X.Org Video Driver, version 24.0
[   301.533] (II) LoadModule: "vesa"
[   301.533] (II) Loading /usr/lib/xorg/modules/drivers/vesa_drv.so
[   301.645] (II) Module vesa: vendor="X.Org Foundation"
[   301.645] 	compiled for 1.20.4, module version = 2.4.0
[   301.645] 	Module class: X.Org Video Driver
[   301.645] 	ABI class: X.Org Video Driver, version 24.0
[   301.645] (II) vmware: driver for VMware SVGA: vmware0405, vmware0710
[   301.645] (II) modesetting: Driver for Modesetting Kernel Drivers: kms
[   301.645] (II) FBDEV: driver for framebuffer: fbdev
[   301.645] (II) VESA: driver for VESA chipsets: vesa
[   301.645] xf86EnableIOPorts: failed to set IOPL for I/O (Operation not permitted)
[   301.645] (WW) Falling back to old probe method for modesetting
[   301.646] (WW) Falling back to old probe method for fbdev
[   301.646] (II) Loading sub module "fbdevhw"
[   301.646] (II) LoadModule: "fbdevhw"
[   301.648] (II) Loading /usr/lib/xorg/modules/libfbdevhw.so
[   301.658] (II) Module fbdevhw: vendor="X.Org Foundation"
[   301.658] 	compiled for 1.20.11, module version = 0.0.2
[   301.658] 	ABI class: X.Org Video Driver, version 24.1
[   301.658] (EE) open /dev/fb0: Permission denied
[   301.658] (WW) VGA arbiter: cannot open kernel arbiter, no multi-card support
[   301.658] (II) vmware(0): Creating default Display subsection in Screen section
	"Default Screen Section" for depth/fbbpp 24/32
[   301.658] (--) vmware(0): DRM driver version is 2.18.1
[   301.658] (==) vmware(0): Depth 24, (--) framebuffer bpp 32
[   301.659] (==) vmware(0): RGB weight 888
[   301.659] (==) vmware(0): Default visual is TrueColor
[   301.659] (--) vmware(0): Min width 1, Max Width 16384.
[   301.659] (--) vmware(0): Min height 1, Max Height 16384.
[   301.659] (II) vmware(0): Output Virtual1 has no monitor section
[   301.659] (II) vmware(0): Output Virtual2 has no monitor section
[   301.659] (II) vmware(0): Output Virtual3 has no monitor section
[   301.659] (II) vmware(0): Output Virtual4 has no monitor section
[   301.659] (II) vmware(0): Output Virtual5 has no monitor section
[   301.659] (II) vmware(0): Output Virtual6 has no monitor section
[   301.659] (II) vmware(0): Output Virtual7 has no monitor section
[   301.659] (II) vmware(0): Output Virtual8 has no monitor section
[   301.659] (II) vmware(0): Printing probed modes for output Virtual1
[   301.659] (II) vmware(0): Modeline "800x600"x60.0   42.75  800 850 900 950  600 650 700 750 -hsync +vsync (45.0 kHz eP)
[   301.659] (II) vmware(0): Modeline "3840x2400"x60.0  592.25  3840 3888 3920 4000  2400 2403 2409 2469 +hsync -vsync (148.1 kHz e)
[   301.659] (II) vmware(0): Modeline "3840x2160"x60.0  533.00  3840 3888 3920 4000  2160 2163 2168 2222 +hsync -vsync (133.2 kHz e)
[   301.659] (II) vmware(0): Modeline "2880x1800"x59.9  337.50  2880 2928 2960 3040  1800 1803 1809 1852 +hsync -vsync (111.0 kHz e)
[   301.660] (II) vmware(0): Modeline "2560x1600"x60.0  348.50  2560 2752 3032 3504  1600 1603 1609 1658 -hsync +vsync (99.5 kHz e)
[   301.660] (II) vmware(0): Modeline "2560x1440"x60.0  241.50  2560 2608 2640 2720  1440 1443 1448 1481 +hsync -vsync (88.8 kHz e)
[   301.660] (II) vmware(0): Modeline "1920x1440"x60.0  234.00  1920 2048 2256 2600  1440 1441 1444 1500 -hsync +vsync (90.0 kHz e)
[   301.660] (II) vmware(0): Modeline "1856x1392"x60.0  218.25  1856 1952 2176 2528  1392 1393 1396 1439 -hsync +vsync (86.3 kHz e)
[   301.660] (II) vmware(0): Modeline "1792x1344"x60.0  204.75  1792 1920 2120 2448  1344 1345 1348 1394 -hsync +vsync (83.6 kHz e)
[   301.660] (II) vmware(0): Modeline "1920x1200"x59.9  193.25  1920 2056 2256 2592  1200 1203 1209 1245 -hsync +vsync (74.6 kHz e)
[   301.660] (II) vmware(0): Modeline "1920x1080"x60.0  173.00  1920 2048 2248 2576  1080 1083 1088 1120 -hsync +vsync (67.2 kHz e)
[   301.660] (II) vmware(0): Modeline "1600x1200"x60.0  162.00  1600 1664 1856 2160  1200 1201 1204 1250 +hsync +vsync (75.0 kHz e)
[   301.660] (II) vmware(0): Modeline "1680x1050"x60.0  146.25  1680 1784 1960 2240  1050 1053 1059 1089 -hsync +vsync (65.3 kHz e)
[   301.660] (II) vmware(0): Modeline "1400x1050"x60.0  121.75  1400 1488 1632 1864  1050 1053 1057 1089 -hsync +vsync (65.3 kHz e)
[   301.660] (II) vmware(0): Modeline "1280x1024"x60.0  108.00  1280 1328 1440 1688  1024 1025 1028 1066 +hsync +vsync (64.0 kHz e)
[   301.660] (II) vmware(0): Modeline "1440x900"x59.9  106.50  1440 1520 1672 1904  900 903 909 934 -hsync +vsync (55.9 kHz e)
[   301.660] (II) vmware(0): Modeline "1280x960"x60.0  108.00  1280 1376 1488 1800  960 961 964 1000 +hsync +vsync (60.0 kHz e)
[   301.660] (II) vmware(0): Modeline "1360x768"x60.0   85.50  1360 1424 1536 1792  768 771 777 795 +hsync +vsync (47.7 kHz e)
[   301.660] (II) vmware(0): Modeline "1280x800"x59.8   83.50  1280 1352 1480 1680  800 803 809 831 +hsync -vsync (49.7 kHz e)
[   301.660] (II) vmware(0): Modeline "1152x864"x75.0  108.00  1152 1216 1344 1600  864 865 868 900 +hsync +vsync (67.5 kHz e)
[   301.660] (II) vmware(0): Modeline "1280x768"x59.9   79.50  1280 1344 1472 1664  768 771 778 798 -hsync +vsync (47.8 kHz e)
[   301.660] (II) vmware(0): Modeline "1280x720"x59.9   74.50  1280 1344 1472 1664  720 723 728 748 -hsync +vsync (44.8 kHz e)
[   301.660] (II) vmware(0): Modeline "1024x768"x60.0   65.00  1024 1048 1184 1344  768 771 777 806 -hsync -vsync (48.4 kHz e)
[   301.660] (II) vmware(0): Modeline "800x600"x60.3   40.00  800 840 968 1056  600 601 605 628 +hsync +vsync (37.9 kHz e)
[   301.660] (II) vmware(0): Modeline "640x480"x59.9   25.18  640 656 752 800  480 489 492 525 -hsync -vsync (31.5 kHz e)
[   301.660] (II) vmware(0): EDID for output Virtual2
[   301.660] (II) vmware(0): EDID for output Virtual3
[   301.660] (II) vmware(0): EDID for output Virtual4
[   301.660] (II) vmware(0): EDID for output Virtual5
[   301.660] (II) vmware(0): EDID for output Virtual6
[   301.660] (II) vmware(0): EDID for output Virtual7
[   301.660] (II) vmware(0): EDID for output Virtual8
[   301.660] (II) vmware(0): Output Virtual1 connected
[   301.660] (II) vmware(0): Output Virtual2 disconnected
[   301.660] (II) vmware(0): Output Virtual3 disconnected
[   301.660] (II) vmware(0): Output Virtual4 disconnected
[   301.660] (II) vmware(0): Output Virtual5 disconnected
[   301.660] (II) vmware(0): Output Virtual6 disconnected
[   301.660] (II) vmware(0): Output Virtual7 disconnected
[   301.660] (II) vmware(0): Output Virtual8 disconnected
[   301.660] (II) vmware(0): Using exact sizes for initial modes
[   301.660] (II) vmware(0): Output Virtual1 using initial mode 800x600 +0+0
[   301.660] (==) vmware(0): DPI set to (96, 96)
[   301.660] (==) vmware(0): Using gamma correction (1.0, 1.0, 1.0)
[   301.660] (II) Loading sub module "fb"
[   301.660] (II) LoadModule: "fb"
[   301.661] (II) Loading /usr/lib/xorg/modules/libfb.so
[   301.668] (II) Module fb: vendor="X.Org Foundation"
[   301.668] 	compiled for 1.20.11, module version = 1.0.0
[   301.668] 	ABI class: X.Org ANSI C Emulation, version 0.4
[   301.668] (II) Loading sub module "dri2"
[   301.668] (II) LoadModule: "dri2"
[   301.668] (II) Module "dri2" already built-in
[   301.668] (II) Loading sub module "dri3"
[   301.668] (II) LoadModule: "dri3"
[   301.668] (II) Module "dri3" already built-in
[   301.668] (II) UnloadModule: "modesetting"
[   301.668] (II) Unloading modesetting
[   301.668] (II) UnloadModule: "fbdev"
[   301.671] (II) Unloading fbdev
[   301.671] (II) UnloadSubModule: "fbdevhw"
[   301.671] (II) Unloading fbdevhw
[   301.671] (II) UnloadModule: "vesa"
[   301.671] (II) Unloading vesa
[   301.675] (II) vmware(0): Initialized VMWARE_CTRL extension version 0.2
[   301.745] (II) vmware(0): Gallium3D XA version: 2.5.0.
[   301.745] (II) vmware(0): Path of drm device is "/dev/dri/card0".
[   301.746] (II) vmware(0): [DRI2] Setup complete
[   301.746] (II) vmware(0): [DRI2]   DRI driver: vmwgfx
[   302.179] (--) vmware(0): Render acceleration is enabled.
[   302.179] (==) vmware(0): Rendercheck mode is disabled.
[   302.179] (--) vmware(0): Direct rendering (DRI2 3D) is enabled.
[   302.179] (--) vmware(0): Direct rendering (DRI3 3D) is enabled.
[   302.179] (==) vmware(0): Direct presents are disabled.
[   302.179] (==) vmware(0): Hardware only presents are automatic per scanout.
[   302.179] (==) vmware(0): Backing store enabled
[   302.179] (==) vmware(0): Silken mouse enabled
[   302.181] (==) vmware(0): DPMS enabled
[   302.181] (II) Initializing extension Generic Event Extension
[   302.181] (II) Initializing extension SHAPE
[   302.182] (II) Initializing extension MIT-SHM
[   302.182] (II) Initializing extension XInputExtension
[   302.183] (II) Initializing extension XTEST
[   302.184] (II) Initializing extension BIG-REQUESTS
[   302.184] (II) Initializing extension SYNC
[   302.184] (II) Initializing extension XKEYBOARD
[   302.185] (II) Initializing extension XC-MISC
[   302.185] (II) Initializing extension SECURITY
[   302.185] (II) Initializing extension XFIXES
[   302.186] (II) Initializing extension RENDER
[   302.186] (II) Initializing extension RANDR
[   302.186] (II) Initializing extension COMPOSITE
[   302.186] (II) Initializing extension DAMAGE
[   302.186] (II) Initializing extension MIT-SCREEN-SAVER
[   302.187] (II) Initializing extension DOUBLE-BUFFER
[   302.187] (II) Initializing extension RECORD
[   302.187] (II) Initializing extension DPMS
[   302.188] (II) Initializing extension Present
[   302.188] (II) Initializing extension DRI3
[   302.188] (II) Initializing extension X-Resource
[   302.188] (II) Initializing extension XVideo
[   302.189] (II) Initializing extension XVideo-MotionCompensation
[   302.189] (II) Initializing extension SELinux
[   302.189] (II) SELinux: Disabled on system
[   302.189] (II) Initializing extension GLX
[   302.212] (II) AIGLX: Loaded and initialized vmwgfx
[   302.212] (II) GLX: Initialized DRI2 GL provider for screen 0
[   302.212] (II) Initializing extension XFree86-VidModeExtension
[   302.212] (II) Initializing extension XFree86-DGA
[   302.213] (II) Initializing extension XFree86-DRI
[   302.213] (II) Initializing extension DRI2
[   302.217] (II) vmware(0): Setting screen physical size to 211 x 158
[   302.277] (II) config/udev: Adding input device Power Button (/dev/input/event0)
[   302.277] (**) Power Button: Applying InputClass "libinput keyboard catchall"
[   302.277] (II) LoadModule: "libinput"
[   302.278] (II) Loading /usr/lib/xorg/modules/input/libinput_drv.so
[   302.282] (II) Module libinput: vendor="X.Org Foundation"
[   302.282] 	compiled for 1.20.4, module version = 0.29.0
[   302.282] 	Module class: X.Org XInput Driver
[   302.282] 	ABI class: X.Org XInput driver, version 24.1
[   302.282] (II) Using input driver 'libinput' for 'Power Button'
[   302.309] (II) systemd-logind: got fd for /dev/input/event0 13:64 fd 24 paused 0
[   302.310] (**) Power Button: always reports core events
[   302.310] (**) Option "Device" "/dev/input/event0"
[   302.310] (**) Option "_source" "server/udev"
[   302.315] (II) event0  - Power Button: is tagged by udev as: Keyboard
[   302.316] (II) event0  - Power Button: device is a keyboard
[   302.316] (II) event0  - Power Button: device removed
[   302.319] (**) Option "config_info" "udev:/sys/devices/LNXSYSTM:00/LNXPWRBN:00/input/input0/event0"
[   302.319] (II) XINPUT: Adding extended input device "Power Button" (type: KEYBOARD, id 6)
[   302.319] (**) Option "xkb_model" "SKIP"
[   302.319] (**) Option "xkb_layout" "us"
[   302.392] (II) event0  - Power Button: is tagged by udev as: Keyboard
[   302.393] (II) event0  - Power Button: device is a keyboard
[   302.396] (II) config/udev: Adding input device VMware VMware Virtual USB Mouse (/dev/input/event4)
[   302.396] (**) VMware VMware Virtual USB Mouse: Applying InputClass "libinput pointer catchall"
[   302.396] (II) Using input driver 'libinput' for 'VMware VMware Virtual USB Mouse'
[   302.457] (II) systemd-logind: got fd for /dev/input/event4 13:68 fd 27 paused 0
[   302.457] (**) VMware VMware Virtual USB Mouse: always reports core events
[   302.457] (**) Option "Device" "/dev/input/event4"
[   302.457] (**) Option "_source" "server/udev"
[   302.461] (II) event4  - VMware VMware Virtual USB Mouse: is tagged by udev as: Mouse
[   302.461] (II) event4  - VMware VMware Virtual USB Mouse: device is a pointer
[   302.462] (II) event4  - VMware VMware Virtual USB Mouse: device removed
[   302.462] (**) Option "config_info" "udev:/sys/devices/pci0000:00/0000:00:11.0/0000:02:00.0/usb2/2-1/2-1:1.0/0003:0E0F:0003.0001/input/input5/event4"
[   302.462] (II) XINPUT: Adding extended input device "VMware VMware Virtual USB Mouse" (type: MOUSE, id 7)
[   302.463] (**) Option "AccelerationScheme" "none"
[   302.463] (**) VMware VMware Virtual USB Mouse: (accel) selected scheme none/0
[   302.463] (**) VMware VMware Virtual USB Mouse: (accel) acceleration factor: 2.000
[   302.463] (**) VMware VMware Virtual USB Mouse: (accel) acceleration threshold: 4
[   302.470] (II) event4  - VMware VMware Virtual USB Mouse: is tagged by udev as: Mouse
[   302.474] (II) event4  - VMware VMware Virtual USB Mouse: device is a pointer
[   302.479] (II) config/udev: Adding input device VMware VMware Virtual USB Mouse (/dev/input/mouse2)
[   302.479] (II) No input driver specified, ignoring this device.
[   302.480] (II) This device may have been added with another device file.
[   302.482] (II) config/udev: Adding input device AT Translated Set 2 keyboard (/dev/input/event1)
[   302.482] (**) AT Translated Set 2 keyboard: Applying InputClass "libinput keyboard catchall"
[   302.482] (II) Using input driver 'libinput' for 'AT Translated Set 2 keyboard'
[   302.486] (II) systemd-logind: got fd for /dev/input/event1 13:65 fd 28 paused 0
[   302.486] (**) AT Translated Set 2 keyboard: always reports core events
[   302.486] (**) Option "Device" "/dev/input/event1"
[   302.486] (**) Option "_source" "server/udev"
[   302.504] (II) event1  - AT Translated Set 2 keyboard: is tagged by udev as: Keyboard
[   302.505] (II) event1  - AT Translated Set 2 keyboard: device is a keyboard
[   302.506] (II) event1  - AT Translated Set 2 keyboard: device removed
[   302.506] (**) Option "config_info" "udev:/sys/devices/platform/i8042/serio0/input/input1/event1"
[   302.506] (II) XINPUT: Adding extended input device "AT Translated Set 2 keyboard" (type: KEYBOARD, id 8)
[   302.506] (**) Option "xkb_model" "SKIP"
[   302.506] (**) Option "xkb_layout" "us"
[   302.509] (II) event1  - AT Translated Set 2 keyboard: is tagged by udev as: Keyboard
[   302.510] (II) event1  - AT Translated Set 2 keyboard: device is a keyboard
[   302.517] (II) config/udev: Adding input device VirtualPS/2 VMware VMMouse (/dev/input/event3)
[   302.517] (**) VirtualPS/2 VMware VMMouse: Applying InputClass "libinput pointer catchall"
[   302.517] (II) Using input driver 'libinput' for 'VirtualPS/2 VMware VMMouse'
[   302.520] (II) systemd-logind: got fd for /dev/input/event3 13:67 fd 29 paused 0
[   302.520] (**) VirtualPS/2 VMware VMMouse: always reports core events
[   302.520] (**) Option "Device" "/dev/input/event3"
[   302.520] (**) Option "_source" "server/udev"
[   302.522] (II) event3  - VirtualPS/2 VMware VMMouse: is tagged by udev as: Mouse
[   302.522] (II) event3  - VirtualPS/2 VMware VMMouse: device is a pointer
[   302.522] (II) event3  - VirtualPS/2 VMware VMMouse: device removed
[   302.522] (**) Option "config_info" "udev:/sys/devices/platform/i8042/serio1/input/input3/event3"
[   302.522] (II) XINPUT: Adding extended input device "VirtualPS/2 VMware VMMouse" (type: MOUSE, id 9)
[   302.523] (**) Option "AccelerationScheme" "none"
[   302.523] (**) VirtualPS/2 VMware VMMouse: (accel) selected scheme none/0
[   302.523] (**) VirtualPS/2 VMware VMMouse: (accel) acceleration factor: 2.000
[   302.523] (**) VirtualPS/2 VMware VMMouse: (accel) acceleration threshold: 4
[   302.533] (II) event3  - VirtualPS/2 VMware VMMouse: is tagged by udev as: Mouse
[   302.534] (II) event3  - VirtualPS/2 VMware VMMouse: device is a pointer
[   302.535] (II) config/udev: Adding input device VirtualPS/2 VMware VMMouse (/dev/input/mouse1)
[   302.536] (II) No input driver specified, ignoring this device.
[   302.536] (II) This device may have been added with another device file.
[   302.537] (II) config/udev: Adding input device VirtualPS/2 VMware VMMouse (/dev/input/event2)
[   302.537] (**) VirtualPS/2 VMware VMMouse: Applying InputClass "libinput pointer catchall"
[   302.537] (II) Using input driver 'libinput' for 'VirtualPS/2 VMware VMMouse'
[   302.539] (II) systemd-logind: got fd for /dev/input/event2 13:66 fd 30 paused 0
[   302.544] (**) VirtualPS/2 VMware VMMouse: always reports core events
[   302.544] (**) Option "Device" "/dev/input/event2"
[   302.545] (**) Option "_source" "server/udev"
[   302.548] (II) event2  - VirtualPS/2 VMware VMMouse: is tagged by udev as: Mouse
[   302.549] (II) event2  - VirtualPS/2 VMware VMMouse: device is a pointer
[   302.549] (II) event2  - VirtualPS/2 VMware VMMouse: device removed
[   302.549] (**) Option "config_info" "udev:/sys/devices/platform/i8042/serio1/input/input4/event2"
[   302.550] (II) XINPUT: Adding extended input device "VirtualPS/2 VMware VMMouse" (type: MOUSE, id 10)
[   302.550] (**) Option "AccelerationScheme" "none"
[   302.551] (**) VirtualPS/2 VMware VMMouse: (accel) selected scheme none/0
[   302.551] (**) VirtualPS/2 VMware VMMouse: (accel) acceleration factor: 2.000
[   302.551] (**) VirtualPS/2 VMware VMMouse: (accel) acceleration threshold: 4
[   302.560] (II) event2  - VirtualPS/2 VMware VMMouse: is tagged by udev as: Mouse
[   302.561] (II) event2  - VirtualPS/2 VMware VMMouse: device is a pointer
[   302.562] (II) config/udev: Adding input device VirtualPS/2 VMware VMMouse (/dev/input/mouse0)
[   302.562] (II) No input driver specified, ignoring this device.
[   302.562] (II) This device may have been added with another device file.
